{"F:\\Mobile App\\EchoFinity\\EchoFinity-AI-App\\backend\\controllers\\exportController.js": {"path":"F:\\Mobile App\\EchoFinity\\EchoFinity-AI-App\\backend\\controllers\\exportController.js","statementMap":{"0":{"start":{"line":1,"column":38},"end":{"line":1,"column":58}},"1":{"start":{"line":7,"column":24},"end":{"line":54,"column":1}},"2":{"start":{"line":8,"column":2},"end":{"line":53,"column":3}},"3":{"start":{"line":9,"column":22},"end":{"line":9,"column":32}},"4":{"start":{"line":10,"column":19},"end":{"line":10,"column":29}},"5":{"start":{"line":15,"column":18},"end":{"line":28,"column":6}},"6":{"start":{"line":30,"column":4},"end":{"line":34,"column":5}},"7":{"start":{"line":31,"column":6},"end":{"line":33,"column":9}},"8":{"start":{"line":37,"column":19},"end":{"line":37,"column":49}},"9":{"start":{"line":38,"column":23},"end":{"line":38,"column":47}},"10":{"start":{"line":41,"column":21},"end":{"line":48,"column":5}},"11":{"start":{"line":50,"column":4},"end":{"line":50,"column":23}},"12":{"start":{"line":52,"column":4},"end":{"line":52,"column":16}},"13":{"start":{"line":56,"column":0},"end":{"line":58,"column":2}}},"fnMap":{"0":{"name":"(anonymous_0)","decl":{"start":{"line":7,"column":24},"end":{"line":7,"column":25}},"loc":{"start":{"line":7,"column":50},"end":{"line":54,"column":1}},"line":7}},"branchMap":{"0":{"loc":{"start":{"line":30,"column":4},"end":{"line":34,"column":5}},"type":"if","locations":[{"start":{"line":30,"column":4},"end":{"line":34,"column":5}},{"start":{},"end":{}}],"line":30},"1":{"loc":{"start":{"line":37,"column":19},"end":{"line":37,"column":49}},"type":"binary-expr","locations":[{"start":{"line":37,"column":19},"end":{"line":37,"column":41}},{"start":{"line":37,"column":45},"end":{"line":37,"column":49}}],"line":37},"2":{"loc":{"start":{"line":38,"column":23},"end":{"line":38,"column":47}},"type":"binary-expr","locations":[{"start":{"line":38,"column":23},"end":{"line":38,"column":39}},{"start":{"line":38,"column":43},"end":{"line":38,"column":47}}],"line":38}},"s":{"0":2,"1":2,"2":4,"3":4,"4":4,"5":4,"6":4,"7":2,"8":2,"9":2,"10":2,"11":2,"12":0,"13":2},"f":{"0":4},"b":{"0":[2,2],"1":[2,0],"2":[2,0]},"_coverageSchema":"1a1c01bbd47fc00a2c39e90264f33305004495a9","hash":"9bbe57e94490e9fd42c3124fde1880805a7f0ce0"}
,"F:\\Mobile App\\EchoFinity\\EchoFinity-AI-App\\backend\\controllers\\projectController.js": {"path":"F:\\Mobile App\\EchoFinity\\EchoFinity-AI-App\\backend\\controllers\\projectController.js","statementMap":{"0":{"start":{"line":1,"column":20},"end":{"line":1,"column":40}},"1":{"start":{"line":7,"column":22},"end":{"line":28,"column":1}},"2":{"start":{"line":8,"column":2},"end":{"line":27,"column":3}},"3":{"start":{"line":9,"column":50},"end":{"line":9,"column":58}},"4":{"start":{"line":10,"column":19},"end":{"line":10,"column":29}},"5":{"start":{"line":13,"column":20},"end":{"line":19,"column":6}},"6":{"start":{"line":21,"column":4},"end":{"line":24,"column":7}},"7":{"start":{"line":26,"column":4},"end":{"line":26,"column":16}},"8":{"start":{"line":34,"column":23},"end":{"line":51,"column":1}},"9":{"start":{"line":35,"column":2},"end":{"line":50,"column":3}},"10":{"start":{"line":36,"column":19},"end":{"line":36,"column":29}},"11":{"start":{"line":38,"column":21},"end":{"line":41,"column":6}},"12":{"start":{"line":43,"column":4},"end":{"line":47,"column":7}},"13":{"start":{"line":49,"column":4},"end":{"line":49,"column":16}},"14":{"start":{"line":57,"column":23},"end":{"line":79,"column":1}},"15":{"start":{"line":58,"column":2},"end":{"line":78,"column":3}},"16":{"start":{"line":59,"column":19},"end":{"line":59,"column":29}},"17":{"start":{"line":60,"column":19},"end":{"line":60,"column":29}},"18":{"start":{"line":62,"column":20},"end":{"line":64,"column":6}},"19":{"start":{"line":66,"column":4},"end":{"line":70,"column":5}},"20":{"start":{"line":67,"column":6},"end":{"line":69,"column":9}},"21":{"start":{"line":72,"column":4},"end":{"line":75,"column":7}},"22":{"start":{"line":77,"column":4},"end":{"line":77,"column":16}},"23":{"start":{"line":85,"column":22},"end":{"line":122,"column":1}},"24":{"start":{"line":86,"column":2},"end":{"line":121,"column":3}},"25":{"start":{"line":87,"column":19},"end":{"line":87,"column":29}},"26":{"start":{"line":88,"column":19},"end":{"line":88,"column":29}},"27":{"start":{"line":89,"column":50},"end":{"line":89,"column":58}},"28":{"start":{"line":92,"column":20},"end":{"line":94,"column":6}},"29":{"start":{"line":96,"column":4},"end":{"line":100,"column":5}},"30":{"start":{"line":97,"column":6},"end":{"line":99,"column":9}},"31":{"start":{"line":103,"column":23},"end":{"line":103,"column":25}},"32":{"start":{"line":104,"column":4},"end":{"line":104,"column":54}},"33":{"start":{"line":104,"column":29},"end":{"line":104,"column":54}},"34":{"start":{"line":105,"column":4},"end":{"line":105,"column":72}},"35":{"start":{"line":105,"column":35},"end":{"line":105,"column":72}},"36":{"start":{"line":106,"column":4},"end":{"line":106,"column":57}},"37":{"start":{"line":106,"column":30},"end":{"line":106,"column":57}},"38":{"start":{"line":107,"column":4},"end":{"line":107,"column":54}},"39":{"start":{"line":107,"column":29},"end":{"line":107,"column":54}},"40":{"start":{"line":110,"column":4},"end":{"line":110,"column":37}},"41":{"start":{"line":113,"column":4},"end":{"line":113,"column":27}},"42":{"start":{"line":115,"column":4},"end":{"line":118,"column":7}},"43":{"start":{"line":120,"column":4},"end":{"line":120,"column":16}},"44":{"start":{"line":128,"column":22},"end":{"line":153,"column":1}},"45":{"start":{"line":129,"column":2},"end":{"line":152,"column":3}},"46":{"start":{"line":130,"column":19},"end":{"line":130,"column":29}},"47":{"start":{"line":131,"column":19},"end":{"line":131,"column":29}},"48":{"start":{"line":134,"column":20},"end":{"line":136,"column":6}},"49":{"start":{"line":138,"column":4},"end":{"line":142,"column":5}},"50":{"start":{"line":139,"column":6},"end":{"line":141,"column":9}},"51":{"start":{"line":145,"column":4},"end":{"line":145,"column":28}},"52":{"start":{"line":147,"column":4},"end":{"line":149,"column":7}},"53":{"start":{"line":151,"column":4},"end":{"line":151,"column":16}},"54":{"start":{"line":155,"column":0},"end":{"line":161,"column":2}}},"fnMap":{"0":{"name":"(anonymous_0)","decl":{"start":{"line":7,"column":22},"end":{"line":7,"column":23}},"loc":{"start":{"line":7,"column":48},"end":{"line":28,"column":1}},"line":7},"1":{"name":"(anonymous_1)","decl":{"start":{"line":34,"column":23},"end":{"line":34,"column":24}},"loc":{"start":{"line":34,"column":49},"end":{"line":51,"column":1}},"line":34},"2":{"name":"(anonymous_2)","decl":{"start":{"line":57,"column":23},"end":{"line":57,"column":24}},"loc":{"start":{"line":57,"column":49},"end":{"line":79,"column":1}},"line":57},"3":{"name":"(anonymous_3)","decl":{"start":{"line":85,"column":22},"end":{"line":85,"column":23}},"loc":{"start":{"line":85,"column":48},"end":{"line":122,"column":1}},"line":85},"4":{"name":"(anonymous_4)","decl":{"start":{"line":128,"column":22},"end":{"line":128,"column":23}},"loc":{"start":{"line":128,"column":48},"end":{"line":153,"column":1}},"line":128}},"branchMap":{"0":{"loc":{"start":{"line":16,"column":14},"end":{"line":16,"column":31}},"type":"binary-expr","locations":[{"start":{"line":16,"column":14},"end":{"line":16,"column":20}},{"start":{"line":16,"column":24},"end":{"line":16,"column":31}}],"line":16},"1":{"loc":{"start":{"line":17,"column":13},"end":{"line":17,"column":26}},"type":"binary-expr","locations":[{"start":{"line":17,"column":13},"end":{"line":17,"column":18}},{"start":{"line":17,"column":22},"end":{"line":17,"column":26}}],"line":17},"2":{"loc":{"start":{"line":66,"column":4},"end":{"line":70,"column":5}},"type":"if","locations":[{"start":{"line":66,"column":4},"end":{"line":70,"column":5}},{"start":{},"end":{}}],"line":66},"3":{"loc":{"start":{"line":96,"column":4},"end":{"line":100,"column":5}},"type":"if","locations":[{"start":{"line":96,"column":4},"end":{"line":100,"column":5}},{"start":{},"end":{}}],"line":96},"4":{"loc":{"start":{"line":104,"column":4},"end":{"line":104,"column":54}},"type":"if","locations":[{"start":{"line":104,"column":4},"end":{"line":104,"column":54}},{"start":{},"end":{}}],"line":104},"5":{"loc":{"start":{"line":105,"column":4},"end":{"line":105,"column":72}},"type":"if","locations":[{"start":{"line":105,"column":4},"end":{"line":105,"column":72}},{"start":{},"end":{}}],"line":105},"6":{"loc":{"start":{"line":106,"column":4},"end":{"line":106,"column":57}},"type":"if","locations":[{"start":{"line":106,"column":4},"end":{"line":106,"column":57}},{"start":{},"end":{}}],"line":106},"7":{"loc":{"start":{"line":107,"column":4},"end":{"line":107,"column":54}},"type":"if","locations":[{"start":{"line":107,"column":4},"end":{"line":107,"column":54}},{"start":{},"end":{}}],"line":107},"8":{"loc":{"start":{"line":138,"column":4},"end":{"line":142,"column":5}},"type":"if","locations":[{"start":{"line":138,"column":4},"end":{"line":142,"column":5}},{"start":{},"end":{}}],"line":138}},"s":{"0":2,"1":2,"2":2,"3":2,"4":2,"5":2,"6":2,"7":0,"8":2,"9":0,"10":0,"11":0,"12":0,"13":0,"14":2,"15":0,"16":0,"17":0,"18":0,"19":0,"20":0,"21":0,"22":0,"23":2,"24":0,"25":0,"26":0,"27":0,"28":0,"29":0,"30":0,"31":0,"32":0,"33":0,"34":0,"35":0,"36":0,"37":0,"38":0,"39":0,"40":0,"41":0,"42":0,"43":0,"44":2,"45":0,"46":0,"47":0,"48":0,"49":0,"50":0,"51":0,"52":0,"53":0,"54":2},"f":{"0":2,"1":0,"2":0,"3":0,"4":0},"b":{"0":[2,1],"1":[2,2],"2":[0,0],"3":[0,0],"4":[0,0],"5":[0,0],"6":[0,0],"7":[0,0],"8":[0,0]},"_coverageSchema":"1a1c01bbd47fc00a2c39e90264f33305004495a9","hash":"00f581a2b1ffc65be5b5b4e5b482272786cd1e5d"}
,"F:\\Mobile App\\EchoFinity\\EchoFinity-AI-App\\backend\\controllers\\videoController.js": {"path":"F:\\Mobile App\\EchoFinity\\EchoFinity-AI-App\\backend\\controllers\\videoController.js","statementMap":{"0":{"start":{"line":1,"column":23},"end":{"line":1,"column":40}},"1":{"start":{"line":2,"column":27},"end":{"line":2,"column":47}},"2":{"start":{"line":3,"column":29},"end":{"line":3,"column":55}},"3":{"start":{"line":9,"column":20},"end":{"line":74,"column":1}},"4":{"start":{"line":10,"column":2},"end":{"line":73,"column":3}},"5":{"start":{"line":11,"column":46},"end":{"line":11,"column":54}},"6":{"start":{"line":12,"column":19},"end":{"line":12,"column":29}},"7":{"start":{"line":15,"column":20},"end":{"line":17,"column":6}},"8":{"start":{"line":19,"column":4},"end":{"line":23,"column":5}},"9":{"start":{"line":20,"column":6},"end":{"line":22,"column":9}},"10":{"start":{"line":26,"column":18},"end":{"line":26,"column":30}},"11":{"start":{"line":29,"column":21},"end":{"line":29,"column":48}},"12":{"start":{"line":30,"column":21},"end":{"line":30,"column":50}},"13":{"start":{"line":33,"column":18},"end":{"line":44,"column":6}},"14":{"start":{"line":47,"column":21},"end":{"line":63,"column":5}},"15":{"start":{"line":65,"column":4},"end":{"line":65,"column":90}},"16":{"start":{"line":67,"column":4},"end":{"line":70,"column":7}},"17":{"start":{"line":72,"column":4},"end":{"line":72,"column":16}},"18":{"start":{"line":76,"column":0},"end":{"line":78,"column":2}}},"fnMap":{"0":{"name":"(anonymous_0)","decl":{"start":{"line":9,"column":20},"end":{"line":9,"column":21}},"loc":{"start":{"line":9,"column":46},"end":{"line":74,"column":1}},"line":9}},"branchMap":{"0":{"loc":{"start":{"line":19,"column":4},"end":{"line":23,"column":5}},"type":"if","locations":[{"start":{"line":19,"column":4},"end":{"line":23,"column":5}},{"start":{},"end":{}}],"line":19}},"s":{"0":2,"1":2,"2":2,"3":2,"4":0,"5":0,"6":0,"7":0,"8":0,"9":0,"10":0,"11":0,"12":0,"13":0,"14":0,"15":0,"16":0,"17":0,"18":2},"f":{"0":0},"b":{"0":[0,0]},"_coverageSchema":"1a1c01bbd47fc00a2c39e90264f33305004495a9","hash":"743793f5582b52ddf7c20a51600f57eb298c368c"}
,"F:\\Mobile App\\EchoFinity\\EchoFinity-AI-App\\backend\\middleware\\authMiddleware.js": {"path":"F:\\Mobile App\\EchoFinity\\EchoFinity-AI-App\\backend\\middleware\\authMiddleware.js","statementMap":{"0":{"start":{"line":1,"column":12},"end":{"line":1,"column":35}},"1":{"start":{"line":3,"column":23},"end":{"line":57,"column":1}},"2":{"start":{"line":4,"column":2},"end":{"line":56,"column":3}},"3":{"start":{"line":6,"column":23},"end":{"line":6,"column":48}},"4":{"start":{"line":8,"column":4},"end":{"line":12,"column":5}},"5":{"start":{"line":9,"column":6},"end":{"line":11,"column":9}},"6":{"start":{"line":15,"column":4},"end":{"line":19,"column":5}},"7":{"start":{"line":16,"column":6},"end":{"line":18,"column":9}},"8":{"start":{"line":22,"column":18},"end":{"line":22,"column":41}},"9":{"start":{"line":24,"column":4},"end":{"line":28,"column":5}},"10":{"start":{"line":25,"column":6},"end":{"line":27,"column":9}},"11":{"start":{"line":31,"column":4},"end":{"line":50,"column":5}},"12":{"start":{"line":32,"column":22},"end":{"line":32,"column":63}},"13":{"start":{"line":33,"column":6},"end":{"line":33,"column":34}},"14":{"start":{"line":34,"column":6},"end":{"line":34,"column":36}},"15":{"start":{"line":35,"column":6},"end":{"line":35,"column":13}},"16":{"start":{"line":37,"column":6},"end":{"line":49,"column":7}},"17":{"start":{"line":38,"column":8},"end":{"line":40,"column":11}},"18":{"start":{"line":41,"column":13},"end":{"line":49,"column":7}},"19":{"start":{"line":42,"column":8},"end":{"line":44,"column":11}},"20":{"start":{"line":46,"column":8},"end":{"line":48,"column":11}},"21":{"start":{"line":52,"column":4},"end":{"line":52,"column":51}},"22":{"start":{"line":53,"column":4},"end":{"line":55,"column":7}},"23":{"start":{"line":59,"column":0},"end":{"line":59,"column":32}}},"fnMap":{"0":{"name":"(anonymous_0)","decl":{"start":{"line":3,"column":23},"end":{"line":3,"column":24}},"loc":{"start":{"line":3,"column":43},"end":{"line":57,"column":1}},"line":3}},"branchMap":{"0":{"loc":{"start":{"line":8,"column":4},"end":{"line":12,"column":5}},"type":"if","locations":[{"start":{"line":8,"column":4},"end":{"line":12,"column":5}},{"start":{},"end":{}}],"line":8},"1":{"loc":{"start":{"line":15,"column":4},"end":{"line":19,"column":5}},"type":"if","locations":[{"start":{"line":15,"column":4},"end":{"line":19,"column":5}},{"start":{},"end":{}}],"line":15},"2":{"loc":{"start":{"line":24,"column":4},"end":{"line":28,"column":5}},"type":"if","locations":[{"start":{"line":24,"column":4},"end":{"line":28,"column":5}},{"start":{},"end":{}}],"line":24},"3":{"loc":{"start":{"line":37,"column":6},"end":{"line":49,"column":7}},"type":"if","locations":[{"start":{"line":37,"column":6},"end":{"line":49,"column":7}},{"start":{"line":41,"column":13},"end":{"line":49,"column":7}}],"line":37},"4":{"loc":{"start":{"line":41,"column":13},"end":{"line":49,"column":7}},"type":"if","locations":[{"start":{"line":41,"column":13},"end":{"line":49,"column":7}},{"start":{"line":45,"column":13},"end":{"line":49,"column":7}}],"line":41}},"s":{"0":2,"1":2,"2":23,"3":23,"4":23,"5":5,"6":18,"7":1,"8":17,"9":17,"10":0,"11":17,"12":17,"13":17,"14":17,"15":17,"16":0,"17":0,"18":0,"19":0,"20":0,"21":0,"22":0,"23":2},"f":{"0":23},"b":{"0":[5,18],"1":[1,17],"2":[0,17],"3":[0,0],"4":[0,0]},"_coverageSchema":"1a1c01bbd47fc00a2c39e90264f33305004495a9","hash":"11ce97796341f97e98d901628a3ad77c5741f2df"}
,"F:\\Mobile App\\EchoFinity\\EchoFinity-AI-App\\backend\\middleware\\errorHandler.js": {"path":"F:\\Mobile App\\EchoFinity\\EchoFinity-AI-App\\backend\\middleware\\errorHandler.js","statementMap":{"0":{"start":{"line":1,"column":21},"end":{"line":19,"column":1}},"1":{"start":{"line":2,"column":2},"end":{"line":2,"column":42}},"2":{"start":{"line":5,"column":21},"end":{"line":5,"column":42}},"3":{"start":{"line":6,"column":18},"end":{"line":6,"column":56}},"4":{"start":{"line":9,"column":19},"end":{"line":11,"column":3}},"5":{"start":{"line":14,"column":2},"end":{"line":16,"column":3}},"6":{"start":{"line":15,"column":4},"end":{"line":15,"column":31}},"7":{"start":{"line":18,"column":2},"end":{"line":18,"column":40}},"8":{"start":{"line":21,"column":0},"end":{"line":21,"column":30}}},"fnMap":{"0":{"name":"(anonymous_0)","decl":{"start":{"line":1,"column":21},"end":{"line":1,"column":22}},"loc":{"start":{"line":1,"column":47},"end":{"line":19,"column":1}},"line":1}},"branchMap":{"0":{"loc":{"start":{"line":2,"column":16},"end":{"line":2,"column":40}},"type":"binary-expr","locations":[{"start":{"line":2,"column":16},"end":{"line":2,"column":25}},{"start":{"line":2,"column":29},"end":{"line":2,"column":40}}],"line":2},"1":{"loc":{"start":{"line":5,"column":21},"end":{"line":5,"column":42}},"type":"binary-expr","locations":[{"start":{"line":5,"column":21},"end":{"line":5,"column":35}},{"start":{"line":5,"column":39},"end":{"line":5,"column":42}}],"line":5},"2":{"loc":{"start":{"line":6,"column":18},"end":{"line":6,"column":56}},"type":"binary-expr","locations":[{"start":{"line":6,"column":18},"end":{"line":6,"column":29}},{"start":{"line":6,"column":33},"end":{"line":6,"column":56}}],"line":6},"3":{"loc":{"start":{"line":14,"column":2},"end":{"line":16,"column":3}},"type":"if","locations":[{"start":{"line":14,"column":2},"end":{"line":16,"column":3}},{"start":{},"end":{}}],"line":14}},"s":{"0":2,"1":0,"2":0,"3":0,"4":0,"5":0,"6":0,"7":0,"8":2},"f":{"0":0},"b":{"0":[0,0],"1":[0,0],"2":[0,0],"3":[0,0]},"_coverageSchema":"1a1c01bbd47fc00a2c39e90264f33305004495a9","hash":"2bb00bb52d2da36c2f78272d9608ba33316a523c"}
,"F:\\Mobile App\\EchoFinity\\EchoFinity-AI-App\\backend\\middleware\\validation.js": {"path":"F:\\Mobile App\\EchoFinity\\EchoFinity-AI-App\\backend\\middleware\\validation.js","statementMap":{"0":{"start":{"line":1,"column":36},"end":{"line":1,"column":64}},"1":{"start":{"line":3,"column":25},"end":{"line":19,"column":1}},"2":{"start":{"line":13,"column":19},"end":{"line":13,"column":40}},"3":{"start":{"line":14,"column":4},"end":{"line":16,"column":5}},"4":{"start":{"line":15,"column":6},"end":{"line":15,"column":62}},"5":{"start":{"line":17,"column":4},"end":{"line":17,"column":11}},"6":{"start":{"line":21,"column":22},"end":{"line":31,"column":1}},"7":{"start":{"line":25,"column":19},"end":{"line":25,"column":40}},"8":{"start":{"line":26,"column":4},"end":{"line":28,"column":5}},"9":{"start":{"line":27,"column":6},"end":{"line":27,"column":62}},"10":{"start":{"line":29,"column":4},"end":{"line":29,"column":11}},"11":{"start":{"line":33,"column":30},"end":{"line":62,"column":1}},"12":{"start":{"line":49,"column":6},"end":{"line":49,"column":61}},"13":{"start":{"line":49,"column":49},"end":{"line":49,"column":61}},"14":{"start":{"line":50,"column":6},"end":{"line":50,"column":44}},"15":{"start":{"line":50,"column":32},"end":{"line":50,"column":44}},"16":{"start":{"line":51,"column":6},"end":{"line":51,"column":49}},"17":{"start":{"line":51,"column":37},"end":{"line":51,"column":49}},"18":{"start":{"line":52,"column":6},"end":{"line":52,"column":19}},"19":{"start":{"line":56,"column":19},"end":{"line":56,"column":40}},"20":{"start":{"line":57,"column":4},"end":{"line":59,"column":5}},"21":{"start":{"line":58,"column":6},"end":{"line":58,"column":62}},"22":{"start":{"line":60,"column":4},"end":{"line":60,"column":11}},"23":{"start":{"line":64,"column":30},"end":{"line":92,"column":1}},"24":{"start":{"line":79,"column":6},"end":{"line":79,"column":61}},"25":{"start":{"line":79,"column":49},"end":{"line":79,"column":61}},"26":{"start":{"line":80,"column":6},"end":{"line":80,"column":44}},"27":{"start":{"line":80,"column":32},"end":{"line":80,"column":44}},"28":{"start":{"line":81,"column":6},"end":{"line":81,"column":49}},"29":{"start":{"line":81,"column":37},"end":{"line":81,"column":49}},"30":{"start":{"line":82,"column":6},"end":{"line":82,"column":19}},"31":{"start":{"line":86,"column":19},"end":{"line":86,"column":40}},"32":{"start":{"line":87,"column":4},"end":{"line":89,"column":5}},"33":{"start":{"line":88,"column":6},"end":{"line":88,"column":62}},"34":{"start":{"line":90,"column":4},"end":{"line":90,"column":11}},"35":{"start":{"line":94,"column":28},"end":{"line":117,"column":1}},"36":{"start":{"line":111,"column":19},"end":{"line":111,"column":40}},"37":{"start":{"line":112,"column":4},"end":{"line":114,"column":5}},"38":{"start":{"line":113,"column":6},"end":{"line":113,"column":62}},"39":{"start":{"line":115,"column":4},"end":{"line":115,"column":11}},"40":{"start":{"line":119,"column":0},"end":{"line":125,"column":2}}},"fnMap":{"0":{"name":"(anonymous_0)","decl":{"start":{"line":12,"column":2},"end":{"line":12,"column":3}},"loc":{"start":{"line":12,"column":22},"end":{"line":18,"column":3}},"line":12},"1":{"name":"(anonymous_1)","decl":{"start":{"line":24,"column":2},"end":{"line":24,"column":3}},"loc":{"start":{"line":24,"column":22},"end":{"line":30,"column":3}},"line":24},"2":{"name":"(anonymous_2)","decl":{"start":{"line":47,"column":12},"end":{"line":47,"column":13}},"loc":{"start":{"line":47,"column":21},"end":{"line":53,"column":5}},"line":47},"3":{"name":"(anonymous_3)","decl":{"start":{"line":55,"column":2},"end":{"line":55,"column":3}},"loc":{"start":{"line":55,"column":22},"end":{"line":61,"column":3}},"line":55},"4":{"name":"(anonymous_4)","decl":{"start":{"line":77,"column":12},"end":{"line":77,"column":13}},"loc":{"start":{"line":77,"column":21},"end":{"line":83,"column":5}},"line":77},"5":{"name":"(anonymous_5)","decl":{"start":{"line":85,"column":2},"end":{"line":85,"column":3}},"loc":{"start":{"line":85,"column":22},"end":{"line":91,"column":3}},"line":85},"6":{"name":"(anonymous_6)","decl":{"start":{"line":110,"column":2},"end":{"line":110,"column":3}},"loc":{"start":{"line":110,"column":22},"end":{"line":116,"column":3}},"line":110}},"branchMap":{"0":{"loc":{"start":{"line":14,"column":4},"end":{"line":16,"column":5}},"type":"if","locations":[{"start":{"line":14,"column":4},"end":{"line":16,"column":5}},{"start":{},"end":{}}],"line":14},"1":{"loc":{"start":{"line":26,"column":4},"end":{"line":28,"column":5}},"type":"if","locations":[{"start":{"line":26,"column":4},"end":{"line":28,"column":5}},{"start":{},"end":{}}],"line":26},"2":{"loc":{"start":{"line":49,"column":6},"end":{"line":49,"column":61}},"type":"if","locations":[{"start":{"line":49,"column":6},"end":{"line":49,"column":61}},{"start":{},"end":{}}],"line":49},"3":{"loc":{"start":{"line":49,"column":10},"end":{"line":49,"column":47}},"type":"binary-expr","locations":[{"start":{"line":49,"column":10},"end":{"line":49,"column":24}},{"start":{"line":49,"column":28},"end":{"line":49,"column":47}}],"line":49},"4":{"loc":{"start":{"line":50,"column":6},"end":{"line":50,"column":44}},"type":"if","locations":[{"start":{"line":50,"column":6},"end":{"line":50,"column":44}},{"start":{},"end":{}}],"line":50},"5":{"loc":{"start":{"line":51,"column":6},"end":{"line":51,"column":49}},"type":"if","locations":[{"start":{"line":51,"column":6},"end":{"line":51,"column":49}},{"start":{},"end":{}}],"line":51},"6":{"loc":{"start":{"line":57,"column":4},"end":{"line":59,"column":5}},"type":"if","locations":[{"start":{"line":57,"column":4},"end":{"line":59,"column":5}},{"start":{},"end":{}}],"line":57},"7":{"loc":{"start":{"line":79,"column":6},"end":{"line":79,"column":61}},"type":"if","locations":[{"start":{"line":79,"column":6},"end":{"line":79,"column":61}},{"start":{},"end":{}}],"line":79},"8":{"loc":{"start":{"line":79,"column":10},"end":{"line":79,"column":47}},"type":"binary-expr","locations":[{"start":{"line":79,"column":10},"end":{"line":79,"column":24}},{"start":{"line":79,"column":28},"end":{"line":79,"column":47}}],"line":79},"9":{"loc":{"start":{"line":80,"column":6},"end":{"line":80,"column":44}},"type":"if","locations":[{"start":{"line":80,"column":6},"end":{"line":80,"column":44}},{"start":{},"end":{}}],"line":80},"10":{"loc":{"start":{"line":81,"column":6},"end":{"line":81,"column":49}},"type":"if","locations":[{"start":{"line":81,"column":6},"end":{"line":81,"column":49}},{"start":{},"end":{}}],"line":81},"11":{"loc":{"start":{"line":87,"column":4},"end":{"line":89,"column":5}},"type":"if","locations":[{"start":{"line":87,"column":4},"end":{"line":89,"column":5}},{"start":{},"end":{}}],"line":87},"12":{"loc":{"start":{"line":112,"column":4},"end":{"line":114,"column":5}},"type":"if","locations":[{"start":{"line":112,"column":4},"end":{"line":114,"column":5}},{"start":{},"end":{}}],"line":112}},"s":{"0":2,"1":2,"2":0,"3":0,"4":0,"5":0,"6":2,"7":0,"8":0,"9":0,"10":0,"11":2,"12":0,"13":0,"14":0,"15":0,"16":0,"17":0,"18":0,"19":2,"20":2,"21":0,"22":2,"23":2,"24":0,"25":0,"26":0,"27":0,"28":0,"29":0,"30":0,"31":0,"32":0,"33":0,"34":0,"35":2,"36":11,"37":11,"38":11,"39":0,"40":2},"f":{"0":0,"1":0,"2":0,"3":2,"4":0,"5":0,"6":11},"b":{"0":[0,0],"1":[0,0],"2":[0,0],"3":[0,0],"4":[0,0],"5":[0,0],"6":[0,2],"7":[0,0],"8":[0,0],"9":[0,0],"10":[0,0],"11":[0,0],"12":[11,0]},"_coverageSchema":"1a1c01bbd47fc00a2c39e90264f33305004495a9","hash":"e043395ff4ba3858af6ee1a8c306856147ccc039"}
,"F:\\Mobile App\\EchoFinity\\EchoFinity-AI-App\\backend\\routes\\auth.js": {"path":"F:\\Mobile App\\EchoFinity\\EchoFinity-AI-App\\backend\\routes\\auth.js","statementMap":{"0":{"start":{"line":1,"column":16},"end":{"line":1,"column":34}},"1":{"start":{"line":2,"column":15},"end":{"line":2,"column":31}},"2":{"start":{"line":3,"column":15},"end":{"line":3,"column":34}},"3":{"start":{"line":4,"column":12},"end":{"line":4,"column":35}},"4":{"start":{"line":5,"column":17},"end":{"line":5,"column":37}},"5":{"start":{"line":6,"column":44},"end":{"line":6,"column":79}},"6":{"start":{"line":9,"column":0},"end":{"line":51,"column":3}},"7":{"start":{"line":10,"column":2},"end":{"line":50,"column":3}},"8":{"start":{"line":11,"column":32},"end":{"line":11,"column":40}},"9":{"start":{"line":14,"column":25},"end":{"line":14,"column":65}},"10":{"start":{"line":15,"column":4},"end":{"line":19,"column":5}},"11":{"start":{"line":16,"column":6},"end":{"line":18,"column":9}},"12":{"start":{"line":22,"column":23},"end":{"line":22,"column":25}},"13":{"start":{"line":23,"column":27},"end":{"line":23,"column":66}},"14":{"start":{"line":26,"column":17},"end":{"line":31,"column":6}},"15":{"start":{"line":34,"column":18},"end":{"line":36,"column":6}},"16":{"start":{"line":38,"column":4},"end":{"line":47,"column":7}},"17":{"start":{"line":49,"column":4},"end":{"line":49,"column":16}},"18":{"start":{"line":54,"column":0},"end":{"line":92,"column":3}},"19":{"start":{"line":55,"column":2},"end":{"line":91,"column":3}},"20":{"start":{"line":56,"column":32},"end":{"line":56,"column":40}},"21":{"start":{"line":59,"column":17},"end":{"line":59,"column":57}},"22":{"start":{"line":60,"column":4},"end":{"line":64,"column":5}},"23":{"start":{"line":61,"column":6},"end":{"line":63,"column":9}},"24":{"start":{"line":67,"column":28},"end":{"line":67,"column":73}},"25":{"start":{"line":68,"column":4},"end":{"line":72,"column":5}},"26":{"start":{"line":69,"column":6},"end":{"line":71,"column":9}},"27":{"start":{"line":75,"column":18},"end":{"line":77,"column":6}},"28":{"start":{"line":79,"column":4},"end":{"line":88,"column":7}},"29":{"start":{"line":90,"column":4},"end":{"line":90,"column":16}},"30":{"start":{"line":94,"column":0},"end":{"line":94,"column":24}}},"fnMap":{"0":{"name":"(anonymous_0)","decl":{"start":{"line":9,"column":43},"end":{"line":9,"column":44}},"loc":{"start":{"line":9,"column":69},"end":{"line":51,"column":1}},"line":9},"1":{"name":"(anonymous_1)","decl":{"start":{"line":54,"column":37},"end":{"line":54,"column":38}},"loc":{"start":{"line":54,"column":63},"end":{"line":92,"column":1}},"line":54}},"branchMap":{"0":{"loc":{"start":{"line":15,"column":4},"end":{"line":19,"column":5}},"type":"if","locations":[{"start":{"line":15,"column":4},"end":{"line":19,"column":5}},{"start":{},"end":{}}],"line":15},"1":{"loc":{"start":{"line":60,"column":4},"end":{"line":64,"column":5}},"type":"if","locations":[{"start":{"line":60,"column":4},"end":{"line":64,"column":5}},{"start":{},"end":{}}],"line":60},"2":{"loc":{"start":{"line":68,"column":4},"end":{"line":72,"column":5}},"type":"if","locations":[{"start":{"line":68,"column":4},"end":{"line":72,"column":5}},{"start":{},"end":{}}],"line":68}},"s":{"0":2,"1":2,"2":2,"3":2,"4":2,"5":2,"6":2,"7":0,"8":0,"9":0,"10":0,"11":0,"12":0,"13":0,"14":0,"15":0,"16":0,"17":0,"18":2,"19":0,"20":0,"21":0,"22":0,"23":0,"24":0,"25":0,"26":0,"27":0,"28":0,"29":0,"30":2},"f":{"0":0,"1":0},"b":{"0":[0,0],"1":[0,0],"2":[0,0]},"_coverageSchema":"1a1c01bbd47fc00a2c39e90264f33305004495a9","hash":"02642b7019460f6b25bdd4401fab3abd6a8e399e"}
,"F:\\Mobile App\\EchoFinity\\EchoFinity-AI-App\\backend\\routes\\export.js": {"path":"F:\\Mobile App\\EchoFinity\\EchoFinity-AI-App\\backend\\routes\\export.js","statementMap":{"0":{"start":{"line":1,"column":16},"end":{"line":1,"column":34}},"1":{"start":{"line":2,"column":15},"end":{"line":2,"column":31}},"2":{"start":{"line":3,"column":23},"end":{"line":3,"column":62}},"3":{"start":{"line":4,"column":28},"end":{"line":4,"column":70}},"4":{"start":{"line":7,"column":0},"end":{"line":7,"column":27}},"5":{"start":{"line":10,"column":0},"end":{"line":10,"column":39}},"6":{"start":{"line":12,"column":0},"end":{"line":12,"column":24}}},"fnMap":{},"branchMap":{},"s":{"0":2,"1":2,"2":2,"3":2,"4":2,"5":2,"6":2},"f":{},"b":{},"_coverageSchema":"1a1c01bbd47fc00a2c39e90264f33305004495a9","hash":"9199abdeae25b2f95895c609aa905bf965630771"}
,"F:\\Mobile App\\EchoFinity\\EchoFinity-AI-App\\backend\\routes\\health.js": {"path":"F:\\Mobile App\\EchoFinity\\EchoFinity-AI-App\\backend\\routes\\health.js","statementMap":{"0":{"start":{"line":1,"column":16},"end":{"line":1,"column":34}},"1":{"start":{"line":2,"column":15},"end":{"line":2,"column":31}},"2":{"start":{"line":3,"column":22},"end":{"line":3,"column":42}},"3":{"start":{"line":4,"column":24},"end":{"line":4,"column":50}},"4":{"start":{"line":6,"column":0},"end":{"line":41,"column":3}},"5":{"start":{"line":7,"column":2},"end":{"line":40,"column":3}},"6":{"start":{"line":9,"column":19},"end":{"line":9,"column":23}},"7":{"start":{"line":10,"column":4},"end":{"line":14,"column":5}},"8":{"start":{"line":11,"column":6},"end":{"line":11,"column":37}},"9":{"start":{"line":13,"column":6},"end":{"line":13,"column":25}},"10":{"start":{"line":17,"column":22},"end":{"line":17,"column":26}},"11":{"start":{"line":18,"column":4},"end":{"line":26,"column":5}},"12":{"start":{"line":19,"column":6},"end":{"line":23,"column":7}},"13":{"start":{"line":20,"column":8},"end":{"line":20,"column":30}},"14":{"start":{"line":22,"column":8},"end":{"line":22,"column":33}},"15":{"start":{"line":25,"column":6},"end":{"line":25,"column":28}},"16":{"start":{"line":28,"column":23},"end":{"line":28,"column":76}},"17":{"start":{"line":30,"column":4},"end":{"line":33,"column":7}},"18":{"start":{"line":35,"column":4},"end":{"line":39,"column":7}},"19":{"start":{"line":43,"column":0},"end":{"line":43,"column":24}}},"fnMap":{"0":{"name":"(anonymous_0)","decl":{"start":{"line":6,"column":22},"end":{"line":6,"column":23}},"loc":{"start":{"line":6,"column":42},"end":{"line":41,"column":1}},"line":6}},"branchMap":{"0":{"loc":{"start":{"line":19,"column":6},"end":{"line":23,"column":7}},"type":"if","locations":[{"start":{"line":19,"column":6},"end":{"line":23,"column":7}},{"start":{"line":21,"column":13},"end":{"line":23,"column":7}}],"line":19},"1":{"loc":{"start":{"line":28,"column":23},"end":{"line":28,"column":76}},"type":"cond-expr","locations":[{"start":{"line":28,"column":67},"end":{"line":28,"column":70}},{"start":{"line":28,"column":73},"end":{"line":28,"column":76}}],"line":28},"2":{"loc":{"start":{"line":28,"column":23},"end":{"line":28,"column":64}},"type":"binary-expr","locations":[{"start":{"line":28,"column":23},"end":{"line":28,"column":40}},{"start":{"line":28,"column":44},"end":{"line":28,"column":64}}],"line":28}},"s":{"0":2,"1":2,"2":2,"3":2,"4":2,"5":0,"6":0,"7":0,"8":0,"9":0,"10":0,"11":0,"12":0,"13":0,"14":0,"15":0,"16":0,"17":0,"18":0,"19":2},"f":{"0":0},"b":{"0":[0,0],"1":[0,0],"2":[0,0]},"_coverageSchema":"1a1c01bbd47fc00a2c39e90264f33305004495a9","hash":"108be96360fe3e0cc6473919e378273640320e5b"}
,"F:\\Mobile App\\EchoFinity\\EchoFinity-AI-App\\backend\\routes\\projects.js": {"path":"F:\\Mobile App\\EchoFinity\\EchoFinity-AI-App\\backend\\routes\\projects.js","statementMap":{"0":{"start":{"line":1,"column":16},"end":{"line":1,"column":34}},"1":{"start":{"line":2,"column":15},"end":{"line":2,"column":31}},"2":{"start":{"line":3,"column":23},"end":{"line":3,"column":62}},"3":{"start":{"line":4,"column":57},"end":{"line":4,"column":92}},"4":{"start":{"line":11,"column":4},"end":{"line":11,"column":47}},"5":{"start":{"line":14,"column":0},"end":{"line":14,"column":27}},"6":{"start":{"line":17,"column":0},"end":{"line":17,"column":55}},"7":{"start":{"line":20,"column":0},"end":{"line":20,"column":32}},"8":{"start":{"line":23,"column":0},"end":{"line":23,"column":35}},"9":{"start":{"line":26,"column":0},"end":{"line":26,"column":57}},"10":{"start":{"line":29,"column":0},"end":{"line":29,"column":37}},"11":{"start":{"line":31,"column":0},"end":{"line":31,"column":24}}},"fnMap":{},"branchMap":{},"s":{"0":2,"1":2,"2":2,"3":2,"4":2,"5":2,"6":2,"7":2,"8":2,"9":2,"10":2,"11":2},"f":{},"b":{},"_coverageSchema":"1a1c01bbd47fc00a2c39e90264f33305004495a9","hash":"240f3d78c5a1e86a4b2a33d3ce9ea684dd10aeec"}
,"F:\\Mobile App\\EchoFinity\\EchoFinity-AI-App\\backend\\routes\\videos.js": {"path":"F:\\Mobile App\\EchoFinity\\EchoFinity-AI-App\\backend\\routes\\videos.js","statementMap":{"0":{"start":{"line":1,"column":16},"end":{"line":1,"column":34}},"1":{"start":{"line":2,"column":15},"end":{"line":2,"column":31}},"2":{"start":{"line":3,"column":23},"end":{"line":3,"column":62}},"3":{"start":{"line":4,"column":32},"end":{"line":4,"column":67}},"4":{"start":{"line":5,"column":24},"end":{"line":5,"column":65}},"5":{"start":{"line":8,"column":0},"end":{"line":8,"column":27}},"6":{"start":{"line":11,"column":0},"end":{"line":11,"column":57}},"7":{"start":{"line":13,"column":0},"end":{"line":13,"column":24}}},"fnMap":{},"branchMap":{},"s":{"0":2,"1":2,"2":2,"3":2,"4":2,"5":2,"6":2,"7":2},"f":{},"b":{},"_coverageSchema":"1a1c01bbd47fc00a2c39e90264f33305004495a9","hash":"6d0b40a3de5df2322692aea55cd561443864c5e8"}
,"F:\\Mobile App\\EchoFinity\\EchoFinity-AI-App\\backend\\services\\aiService.js": {"path":"F:\\Mobile App\\EchoFinity\\EchoFinity-AI-App\\backend\\services\\aiService.js","statementMap":{"0":{"start":{"line":10,"column":28},"end":{"line":10,"column":81}},"1":{"start":{"line":11,"column":24},"end":{"line":11,"column":29}},"2":{"start":{"line":18,"column":14},"end":{"line":18,"column":49}},"3":{"start":{"line":20,"column":2},"end":{"line":59,"column":3}},"4":{"start":{"line":21,"column":23},"end":{"line":21,"column":44}},"5":{"start":{"line":22,"column":22},"end":{"line":22,"column":75}},"6":{"start":{"line":22,"column":39},"end":{"line":22,"column":57}},"7":{"start":{"line":24,"column":21},"end":{"line":31,"column":6}},"8":{"start":{"line":33,"column":4},"end":{"line":33,"column":28}},"9":{"start":{"line":35,"column":4},"end":{"line":38,"column":5}},"10":{"start":{"line":36,"column":24},"end":{"line":36,"column":63}},"11":{"start":{"line":36,"column":59},"end":{"line":36,"column":61}},"12":{"start":{"line":37,"column":6},"end":{"line":37,"column":91}},"13":{"start":{"line":40,"column":4},"end":{"line":40,"column":33}},"14":{"start":{"line":42,"column":4},"end":{"line":45,"column":5}},"15":{"start":{"line":43,"column":6},"end":{"line":43,"column":63}},"16":{"start":{"line":44,"column":6},"end":{"line":44,"column":52}},"17":{"start":{"line":48,"column":4},"end":{"line":55,"column":5}},"18":{"start":{"line":53,"column":6},"end":{"line":53,"column":64}},"19":{"start":{"line":54,"column":6},"end":{"line":54,"column":48}},"20":{"start":{"line":58,"column":4},"end":{"line":58,"column":16}},"21":{"start":{"line":68,"column":2},"end":{"line":98,"column":3}},"22":{"start":{"line":69,"column":4},"end":{"line":72,"column":5}},"23":{"start":{"line":70,"column":6},"end":{"line":70,"column":59}},"24":{"start":{"line":71,"column":6},"end":{"line":71,"column":16}},"25":{"start":{"line":74,"column":21},"end":{"line":74,"column":71}},"26":{"start":{"line":76,"column":4},"end":{"line":81,"column":5}},"27":{"start":{"line":77,"column":6},"end":{"line":80,"column":10}},"28":{"start":{"line":77,"column":43},"end":{"line":80,"column":7}},"29":{"start":{"line":83,"column":4},"end":{"line":83,"column":72}},"30":{"start":{"line":84,"column":4},"end":{"line":84,"column":14}},"31":{"start":{"line":86,"column":4},"end":{"line":86,"column":56}},"32":{"start":{"line":89,"column":4},"end":{"line":94,"column":5}},"33":{"start":{"line":93,"column":6},"end":{"line":93,"column":16}},"34":{"start":{"line":97,"column":4},"end":{"line":97,"column":14}},"35":{"start":{"line":107,"column":2},"end":{"line":138,"column":3}},"36":{"start":{"line":108,"column":4},"end":{"line":111,"column":5}},"37":{"start":{"line":109,"column":6},"end":{"line":109,"column":64}},"38":{"start":{"line":110,"column":6},"end":{"line":110,"column":16}},"39":{"start":{"line":113,"column":21},"end":{"line":113,"column":76}},"40":{"start":{"line":115,"column":4},"end":{"line":121,"column":5}},"41":{"start":{"line":116,"column":6},"end":{"line":120,"column":10}},"42":{"start":{"line":116,"column":49},"end":{"line":120,"column":7}},"43":{"start":{"line":123,"column":4},"end":{"line":123,"column":77}},"44":{"start":{"line":124,"column":4},"end":{"line":124,"column":14}},"45":{"start":{"line":126,"column":4},"end":{"line":126,"column":61}},"46":{"start":{"line":129,"column":4},"end":{"line":134,"column":5}},"47":{"start":{"line":133,"column":6},"end":{"line":133,"column":16}},"48":{"start":{"line":137,"column":4},"end":{"line":137,"column":14}},"49":{"start":{"line":148,"column":2},"end":{"line":180,"column":3}},"50":{"start":{"line":149,"column":4},"end":{"line":152,"column":5}},"51":{"start":{"line":150,"column":6},"end":{"line":150,"column":67}},"52":{"start":{"line":151,"column":6},"end":{"line":151,"column":18}},"53":{"start":{"line":154,"column":4},"end":{"line":157,"column":5}},"54":{"start":{"line":155,"column":6},"end":{"line":155,"column":64}},"55":{"start":{"line":156,"column":6},"end":{"line":156,"column":18}},"56":{"start":{"line":159,"column":21},"end":{"line":159,"column":80}},"57":{"start":{"line":161,"column":4},"end":{"line":163,"column":5}},"58":{"start":{"line":162,"column":6},"end":{"line":162,"column":55}},"59":{"start":{"line":165,"column":4},"end":{"line":165,"column":80}},"60":{"start":{"line":166,"column":4},"end":{"line":166,"column":16}},"61":{"start":{"line":168,"column":4},"end":{"line":168,"column":64}},"62":{"start":{"line":171,"column":4},"end":{"line":176,"column":5}},"63":{"start":{"line":175,"column":6},"end":{"line":175,"column":18}},"64":{"start":{"line":179,"column":4},"end":{"line":179,"column":16}},"65":{"start":{"line":183,"column":0},"end":{"line":187,"column":2}}},"fnMap":{"0":{"name":"_makeRequest","decl":{"start":{"line":17,"column":15},"end":{"line":17,"column":27}},"loc":{"start":{"line":17,"column":47},"end":{"line":60,"column":1}},"line":17},"1":{"name":"(anonymous_1)","decl":{"start":{"line":22,"column":33},"end":{"line":22,"column":34}},"loc":{"start":{"line":22,"column":39},"end":{"line":22,"column":57}},"line":22},"2":{"name":"(anonymous_2)","decl":{"start":{"line":36,"column":52},"end":{"line":36,"column":53}},"loc":{"start":{"line":36,"column":59},"end":{"line":36,"column":61}},"line":36},"3":{"name":"detectScenes","decl":{"start":{"line":67,"column":15},"end":{"line":67,"column":27}},"loc":{"start":{"line":67,"column":39},"end":{"line":99,"column":1}},"line":67},"4":{"name":"(anonymous_4)","decl":{"start":{"line":77,"column":33},"end":{"line":77,"column":34}},"loc":{"start":{"line":77,"column":43},"end":{"line":80,"column":7}},"line":77},"5":{"name":"generateSubtitles","decl":{"start":{"line":106,"column":15},"end":{"line":106,"column":32}},"loc":{"start":{"line":106,"column":44},"end":{"line":139,"column":1}},"line":106},"6":{"name":"(anonymous_6)","decl":{"start":{"line":116,"column":36},"end":{"line":116,"column":37}},"loc":{"start":{"line":116,"column":49},"end":{"line":120,"column":7}},"line":116},"7":{"name":"applyColorCorrection","decl":{"start":{"line":147,"column":15},"end":{"line":147,"column":35}},"loc":{"start":{"line":147,"column":55},"end":{"line":181,"column":1}},"line":147}},"branchMap":{"0":{"loc":{"start":{"line":10,"column":28},"end":{"line":10,"column":81}},"type":"binary-expr","locations":[{"start":{"line":10,"column":28},"end":{"line":10,"column":54}},{"start":{"line":10,"column":58},"end":{"line":10,"column":81}}],"line":10},"1":{"loc":{"start":{"line":35,"column":4},"end":{"line":38,"column":5}},"type":"if","locations":[{"start":{"line":35,"column":4},"end":{"line":38,"column":5}},{"start":{},"end":{}}],"line":35},"2":{"loc":{"start":{"line":37,"column":22},"end":{"line":37,"column":89}},"type":"binary-expr","locations":[{"start":{"line":37,"column":22},"end":{"line":37,"column":38}},{"start":{"line":37,"column":42},"end":{"line":37,"column":89}}],"line":37},"3":{"loc":{"start":{"line":42,"column":4},"end":{"line":45,"column":5}},"type":"if","locations":[{"start":{"line":42,"column":4},"end":{"line":45,"column":5}},{"start":{},"end":{}}],"line":42},"4":{"loc":{"start":{"line":48,"column":4},"end":{"line":55,"column":5}},"type":"if","locations":[{"start":{"line":48,"column":4},"end":{"line":55,"column":5}},{"start":{},"end":{}}],"line":48},"5":{"loc":{"start":{"line":49,"column":6},"end":{"line":51,"column":44}},"type":"binary-expr","locations":[{"start":{"line":49,"column":6},"end":{"line":49,"column":35}},{"start":{"line":50,"column":6},"end":{"line":50,"column":32}},{"start":{"line":51,"column":6},"end":{"line":51,"column":44}}],"line":49},"6":{"loc":{"start":{"line":69,"column":4},"end":{"line":72,"column":5}},"type":"if","locations":[{"start":{"line":69,"column":4},"end":{"line":72,"column":5}},{"start":{},"end":{}}],"line":69},"7":{"loc":{"start":{"line":76,"column":4},"end":{"line":81,"column":5}},"type":"if","locations":[{"start":{"line":76,"column":4},"end":{"line":81,"column":5}},{"start":{},"end":{}}],"line":76},"8":{"loc":{"start":{"line":76,"column":8},"end":{"line":76,"column":71}},"type":"binary-expr","locations":[{"start":{"line":76,"column":8},"end":{"line":76,"column":37}},{"start":{"line":76,"column":41},"end":{"line":76,"column":71}}],"line":76},"9":{"loc":{"start":{"line":89,"column":4},"end":{"line":94,"column":5}},"type":"if","locations":[{"start":{"line":89,"column":4},"end":{"line":94,"column":5}},{"start":{},"end":{}}],"line":89},"10":{"loc":{"start":{"line":90,"column":6},"end":{"line":91,"column":52}},"type":"binary-expr","locations":[{"start":{"line":90,"column":6},"end":{"line":90,"column":48}},{"start":{"line":91,"column":6},"end":{"line":91,"column":52}}],"line":90},"11":{"loc":{"start":{"line":108,"column":4},"end":{"line":111,"column":5}},"type":"if","locations":[{"start":{"line":108,"column":4},"end":{"line":111,"column":5}},{"start":{},"end":{}}],"line":108},"12":{"loc":{"start":{"line":115,"column":4},"end":{"line":121,"column":5}},"type":"if","locations":[{"start":{"line":115,"column":4},"end":{"line":121,"column":5}},{"start":{},"end":{}}],"line":115},"13":{"loc":{"start":{"line":115,"column":8},"end":{"line":115,"column":74}},"type":"binary-expr","locations":[{"start":{"line":115,"column":8},"end":{"line":115,"column":37}},{"start":{"line":115,"column":41},"end":{"line":115,"column":74}}],"line":115},"14":{"loc":{"start":{"line":129,"column":4},"end":{"line":134,"column":5}},"type":"if","locations":[{"start":{"line":129,"column":4},"end":{"line":134,"column":5}},{"start":{},"end":{}}],"line":129},"15":{"loc":{"start":{"line":130,"column":6},"end":{"line":131,"column":52}},"type":"binary-expr","locations":[{"start":{"line":130,"column":6},"end":{"line":130,"column":48}},{"start":{"line":131,"column":6},"end":{"line":131,"column":52}}],"line":130},"16":{"loc":{"start":{"line":149,"column":4},"end":{"line":152,"column":5}},"type":"if","locations":[{"start":{"line":149,"column":4},"end":{"line":152,"column":5}},{"start":{},"end":{}}],"line":149},"17":{"loc":{"start":{"line":154,"column":4},"end":{"line":157,"column":5}},"type":"if","locations":[{"start":{"line":154,"column":4},"end":{"line":157,"column":5}},{"start":{},"end":{}}],"line":154},"18":{"loc":{"start":{"line":161,"column":4},"end":{"line":163,"column":5}},"type":"if","locations":[{"start":{"line":161,"column":4},"end":{"line":163,"column":5}},{"start":{},"end":{}}],"line":161},"19":{"loc":{"start":{"line":161,"column":8},"end":{"line":161,"column":63}},"type":"binary-expr","locations":[{"start":{"line":161,"column":8},"end":{"line":161,"column":37}},{"start":{"line":161,"column":41},"end":{"line":161,"column":63}}],"line":161},"20":{"loc":{"start":{"line":171,"column":4},"end":{"line":176,"column":5}},"type":"if","locations":[{"start":{"line":171,"column":4},"end":{"line":176,"column":5}},{"start":{},"end":{}}],"line":171},"21":{"loc":{"start":{"line":172,"column":6},"end":{"line":173,"column":52}},"type":"binary-expr","locations":[{"start":{"line":172,"column":6},"end":{"line":172,"column":48}},{"start":{"line":173,"column":6},"end":{"line":173,"column":52}}],"line":172}},"s":{"0":0,"1":0,"2":0,"3":0,"4":0,"5":0,"6":0,"7":0,"8":0,"9":0,"10":0,"11":0,"12":0,"13":0,"14":0,"15":0,"16":0,"17":0,"18":0,"19":0,"20":0,"21":0,"22":0,"23":0,"24":0,"25":0,"26":0,"27":0,"28":0,"29":0,"30":0,"31":0,"32":0,"33":0,"34":0,"35":0,"36":0,"37":0,"38":0,"39":0,"40":0,"41":0,"42":0,"43":0,"44":0,"45":0,"46":0,"47":0,"48":0,"49":0,"50":0,"51":0,"52":0,"53":0,"54":0,"55":0,"56":0,"57":0,"58":0,"59":0,"60":0,"61":0,"62":0,"63":0,"64":0,"65":0},"f":{"0":0,"1":0,"2":0,"3":0,"4":0,"5":0,"6":0,"7":0},"b":{"0":[0,0],"1":[0,0],"2":[0,0],"3":[0,0],"4":[0,0],"5":[0,0,0],"6":[0,0],"7":[0,0],"8":[0,0],"9":[0,0],"10":[0,0],"11":[0,0],"12":[0,0],"13":[0,0],"14":[0,0],"15":[0,0],"16":[0,0],"17":[0,0],"18":[0,0],"19":[0,0],"20":[0,0],"21":[0,0]}}
,"F:\\Mobile App\\EchoFinity\\EchoFinity-AI-App\\backend\\services\\tokenService.js": {"path":"F:\\Mobile App\\EchoFinity\\EchoFinity-AI-App\\backend\\services\\tokenService.js","statementMap":{"0":{"start":{"line":6,"column":17},"end":{"line":6,"column":37}},"1":{"start":{"line":7,"column":18},"end":{"line":7,"column":47}},"2":{"start":{"line":8,"column":15},"end":{"line":8,"column":35}},"3":{"start":{"line":11,"column":20},"end":{"line":21,"column":1}},"4":{"start":{"line":24,"column":31},"end":{"line":29,"column":1}},"5":{"start":{"line":34,"column":2},"end":{"line":37,"column":3}},"6":{"start":{"line":35,"column":28},"end":{"line":35,"column":59}},"7":{"start":{"line":36,"column":4},"end":{"line":36,"column":76}},"8":{"start":{"line":38,"column":2},"end":{"line":38,"column":20}},"9":{"start":{"line":48,"column":15},"end":{"line":48,"column":42}},"10":{"start":{"line":50,"column":2},"end":{"line":52,"column":3}},"11":{"start":{"line":51,"column":4},"end":{"line":51,"column":38}},"12":{"start":{"line":55,"column":2},"end":{"line":57,"column":3}},"13":{"start":{"line":56,"column":4},"end":{"line":56,"column":14}},"14":{"start":{"line":59,"column":2},"end":{"line":61,"column":4}},"15":{"start":{"line":71,"column":19},"end":{"line":71,"column":64}},"16":{"start":{"line":74,"column":2},"end":{"line":77,"column":3}},"17":{"start":{"line":76,"column":4},"end":{"line":76,"column":53}},"18":{"start":{"line":79,"column":2},"end":{"line":83,"column":3}},"19":{"start":{"line":81,"column":26},"end":{"line":81,"column":59}},"20":{"start":{"line":82,"column":4},"end":{"line":82,"column":60}},"21":{"start":{"line":85,"column":2},"end":{"line":87,"column":3}},"22":{"start":{"line":86,"column":4},"end":{"line":86,"column":47}},"23":{"start":{"line":89,"column":2},"end":{"line":89,"column":18}},"24":{"start":{"line":100,"column":2},"end":{"line":102,"column":3}},"25":{"start":{"line":101,"column":4},"end":{"line":101,"column":53}},"26":{"start":{"line":104,"column":15},"end":{"line":104,"column":42}},"27":{"start":{"line":106,"column":2},"end":{"line":108,"column":3}},"28":{"start":{"line":107,"column":4},"end":{"line":107,"column":38}},"29":{"start":{"line":111,"column":2},"end":{"line":116,"column":3}},"30":{"start":{"line":112,"column":4},"end":{"line":115,"column":6}},"31":{"start":{"line":119,"column":4},"end":{"line":121,"column":31}},"32":{"start":{"line":123,"column":2},"end":{"line":125,"column":3}},"33":{"start":{"line":124,"column":4},"end":{"line":124,"column":43}},"34":{"start":{"line":127,"column":21},"end":{"line":127,"column":44}},"35":{"start":{"line":129,"column":2},"end":{"line":129,"column":49}},"36":{"start":{"line":131,"column":2},"end":{"line":134,"column":4}},"37":{"start":{"line":143,"column":17},"end":{"line":160,"column":3}},"38":{"start":{"line":162,"column":2},"end":{"line":164,"column":4}},"39":{"start":{"line":176,"column":21},"end":{"line":176,"column":41}},"40":{"start":{"line":178,"column":22},"end":{"line":183,"column":4}},"41":{"start":{"line":185,"column":2},"end":{"line":185,"column":21}},"42":{"start":{"line":195,"column":21},"end":{"line":195,"column":41}},"43":{"start":{"line":197,"column":20},"end":{"line":197,"column":30}},"44":{"start":{"line":198,"column":2},"end":{"line":198,"column":48}},"45":{"start":{"line":200,"column":23},"end":{"line":208,"column":4}},"46":{"start":{"line":210,"column":2},"end":{"line":210,"column":22}},"47":{"start":{"line":213,"column":0},"end":{"line":223,"column":2}}},"fnMap":{"0":{"name":"getTokenUsageModel","decl":{"start":{"line":33,"column":9},"end":{"line":33,"column":27}},"loc":{"start":{"line":33,"column":30},"end":{"line":39,"column":1}},"line":33},"1":{"name":"getUserDailyTokens","decl":{"start":{"line":47,"column":15},"end":{"line":47,"column":33}},"loc":{"start":{"line":47,"column":42},"end":{"line":62,"column":1}},"line":47},"2":{"name":"calculateTokenCost","decl":{"start":{"line":70,"column":9},"end":{"line":70,"column":27}},"loc":{"start":{"line":70,"column":56},"end":{"line":90,"column":1}},"line":70},"3":{"name":"deductTokens","decl":{"start":{"line":99,"column":15},"end":{"line":99,"column":27}},"loc":{"start":{"line":99,"column":44},"end":{"line":135,"column":1}},"line":99},"4":{"name":"refreshDailyTokens","decl":{"start":{"line":142,"column":15},"end":{"line":142,"column":33}},"loc":{"start":{"line":142,"column":36},"end":{"line":165,"column":1}},"line":142},"5":{"name":"recordTokenUsage","decl":{"start":{"line":175,"column":15},"end":{"line":175,"column":31}},"loc":{"start":{"line":175,"column":82},"end":{"line":186,"column":1}},"line":175},"6":{"name":"getTokenUsageHistory","decl":{"start":{"line":194,"column":15},"end":{"line":194,"column":35}},"loc":{"start":{"line":194,"column":54},"end":{"line":211,"column":1}},"line":194}},"branchMap":{"0":{"loc":{"start":{"line":34,"column":2},"end":{"line":37,"column":3}},"type":"if","locations":[{"start":{"line":34,"column":2},"end":{"line":37,"column":3}},{"start":{},"end":{}}],"line":34},"1":{"loc":{"start":{"line":50,"column":2},"end":{"line":52,"column":3}},"type":"if","locations":[{"start":{"line":50,"column":2},"end":{"line":52,"column":3}},{"start":{},"end":{}}],"line":50},"2":{"loc":{"start":{"line":55,"column":2},"end":{"line":57,"column":3}},"type":"if","locations":[{"start":{"line":55,"column":2},"end":{"line":57,"column":3}},{"start":{},"end":{}}],"line":55},"3":{"loc":{"start":{"line":55,"column":6},"end":{"line":55,"column":83}},"type":"binary-expr","locations":[{"start":{"line":55,"column":6},"end":{"line":55,"column":41}},{"start":{"line":55,"column":45},"end":{"line":55,"column":83}}],"line":55},"4":{"loc":{"start":{"line":60,"column":4},"end":{"line":60,"column":100}},"type":"binary-expr","locations":[{"start":{"line":60,"column":4},"end":{"line":60,"column":20}},{"start":{"line":60,"column":24},"end":{"line":60,"column":69}},{"start":{"line":60,"column":73},"end":{"line":60,"column":100}}],"line":60},"5":{"loc":{"start":{"line":70,"column":39},"end":{"line":70,"column":54}},"type":"default-arg","locations":[{"start":{"line":70,"column":52},"end":{"line":70,"column":54}}],"line":70},"6":{"loc":{"start":{"line":71,"column":19},"end":{"line":71,"column":64}},"type":"binary-expr","locations":[{"start":{"line":71,"column":19},"end":{"line":71,"column":41}},{"start":{"line":71,"column":45},"end":{"line":71,"column":64}}],"line":71},"7":{"loc":{"start":{"line":74,"column":2},"end":{"line":77,"column":3}},"type":"if","locations":[{"start":{"line":74,"column":2},"end":{"line":77,"column":3}},{"start":{},"end":{}}],"line":74},"8":{"loc":{"start":{"line":74,"column":6},"end":{"line":74,"column":60}},"type":"binary-expr","locations":[{"start":{"line":74,"column":6},"end":{"line":74,"column":37}},{"start":{"line":74,"column":41},"end":{"line":74,"column":60}}],"line":74},"9":{"loc":{"start":{"line":79,"column":2},"end":{"line":83,"column":3}},"type":"if","locations":[{"start":{"line":79,"column":2},"end":{"line":83,"column":3}},{"start":{},"end":{}}],"line":79},"10":{"loc":{"start":{"line":79,"column":6},"end":{"line":79,"column":57}},"type":"binary-expr","locations":[{"start":{"line":79,"column":6},"end":{"line":79,"column":32}},{"start":{"line":79,"column":36},"end":{"line":79,"column":57}}],"line":79},"11":{"loc":{"start":{"line":82,"column":11},"end":{"line":82,"column":59}},"type":"binary-expr","locations":[{"start":{"line":82,"column":11},"end":{"line":82,"column":47}},{"start":{"line":82,"column":51},"end":{"line":82,"column":59}}],"line":82},"12":{"loc":{"start":{"line":85,"column":2},"end":{"line":87,"column":3}},"type":"if","locations":[{"start":{"line":85,"column":2},"end":{"line":87,"column":3}},{"start":{},"end":{}}],"line":85},"13":{"loc":{"start":{"line":85,"column":6},"end":{"line":85,"column":52}},"type":"binary-expr","locations":[{"start":{"line":85,"column":6},"end":{"line":85,"column":35}},{"start":{"line":85,"column":39},"end":{"line":85,"column":52}}],"line":85},"14":{"loc":{"start":{"line":100,"column":2},"end":{"line":102,"column":3}},"type":"if","locations":[{"start":{"line":100,"column":2},"end":{"line":102,"column":3}},{"start":{},"end":{}}],"line":100},"15":{"loc":{"start":{"line":106,"column":2},"end":{"line":108,"column":3}},"type":"if","locations":[{"start":{"line":106,"column":2},"end":{"line":108,"column":3}},{"start":{},"end":{}}],"line":106},"16":{"loc":{"start":{"line":111,"column":2},"end":{"line":116,"column":3}},"type":"if","locations":[{"start":{"line":111,"column":2},"end":{"line":116,"column":3}},{"start":{},"end":{}}],"line":111},"17":{"loc":{"start":{"line":111,"column":6},"end":{"line":111,"column":83}},"type":"binary-expr","locations":[{"start":{"line":111,"column":6},"end":{"line":111,"column":41}},{"start":{"line":111,"column":45},"end":{"line":111,"column":83}}],"line":111},"18":{"loc":{"start":{"line":119,"column":4},"end":{"line":121,"column":31}},"type":"binary-expr","locations":[{"start":{"line":119,"column":4},"end":{"line":119,"column":20}},{"start":{"line":120,"column":4},"end":{"line":120,"column":49}},{"start":{"line":121,"column":4},"end":{"line":121,"column":31}}],"line":119},"19":{"loc":{"start":{"line":123,"column":2},"end":{"line":125,"column":3}},"type":"if","locations":[{"start":{"line":123,"column":2},"end":{"line":125,"column":3}},{"start":{},"end":{}}],"line":123},"20":{"loc":{"start":{"line":175,"column":63},"end":{"line":175,"column":80}},"type":"default-arg","locations":[{"start":{"line":175,"column":76},"end":{"line":175,"column":80}}],"line":175},"21":{"loc":{"start":{"line":194,"column":44},"end":{"line":194,"column":52}},"type":"default-arg","locations":[{"start":{"line":194,"column":51},"end":{"line":194,"column":52}}],"line":194}},"s":{"0":1,"1":1,"2":1,"3":1,"4":1,"5":16,"6":1,"7":1,"8":16,"9":7,"10":7,"11":1,"12":6,"13":3,"14":3,"15":18,"16":18,"17":3,"18":15,"19":4,"20":4,"21":11,"22":2,"23":9,"24":12,"25":1,"26":11,"27":11,"28":1,"29":10,"30":3,"31":7,"32":7,"33":1,"34":6,"35":6,"36":6,"37":4,"38":4,"39":10,"40":10,"41":10,"42":6,"43":6,"44":6,"45":6,"46":6,"47":1},"f":{"0":16,"1":7,"2":18,"3":12,"4":4,"5":10,"6":6},"b":{"0":[1,15],"1":[1,6],"2":[3,3],"3":[6,4],"4":[3,1,0],"5":[9],"6":[18,1],"7":[3,15],"8":[18,4],"9":[4,11],"10":[15,5],"11":[4,1],"12":[2,9],"13":[11,3],"14":[1,11],"15":[1,10],"16":[3,7],"17":[10,8],"18":[7,1,0],"19":[1,6],"20":[8],"21":[1]},"_coverageSchema":"1a1c01bbd47fc00a2c39e90264f33305004495a9","hash":"fda5dbab42d1310e6d44e279b85fed75d7bbdb3a"}
}
