TN:
SF:controllers\exportController.js
FN:7,(anonymous_0)
FNF:1
FNH:1
FNDA:4,(anonymous_0)
DA:1,2
DA:7,2
DA:8,4
DA:9,4
DA:10,4
DA:15,4
DA:30,4
DA:31,2
DA:37,2
DA:38,2
DA:41,2
DA:50,2
DA:52,0
DA:56,2
LF:14
LH:13
BRDA:30,0,0,2
BRDA:30,0,1,2
BRDA:37,1,0,2
BRDA:37,1,1,0
BRDA:38,2,0,2
BRDA:38,2,1,0
BRF:6
BRH:4
end_of_record
TN:
SF:controllers\projectController.js
FN:7,(anonymous_0)
FN:34,(anonymous_1)
FN:57,(anonymous_2)
FN:85,(anonymous_3)
FN:128,(anonymous_4)
FNF:5
FNH:1
FNDA:2,(anonymous_0)
FNDA:0,(anonymous_1)
FNDA:0,(anonymous_2)
FNDA:0,(anonymous_3)
FNDA:0,(anonymous_4)
DA:1,2
DA:7,2
DA:8,2
DA:9,2
DA:10,2
DA:13,2
DA:21,2
DA:26,0
DA:34,2
DA:35,0
DA:36,0
DA:38,0
DA:43,0
DA:49,0
DA:57,2
DA:58,0
DA:59,0
DA:60,0
DA:62,0
DA:66,0
DA:67,0
DA:72,0
DA:77,0
DA:85,2
DA:86,0
DA:87,0
DA:88,0
DA:89,0
DA:92,0
DA:96,0
DA:97,0
DA:103,0
DA:104,0
DA:105,0
DA:106,0
DA:107,0
DA:110,0
DA:113,0
DA:115,0
DA:120,0
DA:128,2
DA:129,0
DA:130,0
DA:131,0
DA:134,0
DA:138,0
DA:139,0
DA:145,0
DA:147,0
DA:151,0
DA:155,2
LF:51
LH:12
BRDA:16,0,0,2
BRDA:16,0,1,1
BRDA:17,1,0,2
BRDA:17,1,1,2
BRDA:66,2,0,0
BRDA:66,2,1,0
BRDA:96,3,0,0
BRDA:96,3,1,0
BRDA:104,4,0,0
BRDA:104,4,1,0
BRDA:105,5,0,0
BRDA:105,5,1,0
BRDA:106,6,0,0
BRDA:106,6,1,0
BRDA:107,7,0,0
BRDA:107,7,1,0
BRDA:138,8,0,0
BRDA:138,8,1,0
BRF:18
BRH:4
end_of_record
TN:
SF:controllers\videoController.js
FN:9,(anonymous_0)
FNF:1
FNH:0
FNDA:0,(anonymous_0)
DA:1,2
DA:2,2
DA:3,2
DA:9,2
DA:10,0
DA:11,0
DA:12,0
DA:15,0
DA:19,0
DA:20,0
DA:26,0
DA:29,0
DA:30,0
DA:33,0
DA:47,0
DA:65,0
DA:67,0
DA:72,0
DA:76,2
LF:19
LH:5
BRDA:19,0,0,0
BRDA:19,0,1,0
BRF:2
BRH:0
end_of_record
TN:
SF:middleware\authMiddleware.js
FN:3,(anonymous_0)
FNF:1
FNH:1
FNDA:23,(anonymous_0)
DA:1,2
DA:3,2
DA:4,23
DA:6,23
DA:8,23
DA:9,5
DA:15,18
DA:16,1
DA:22,17
DA:24,17
DA:25,0
DA:31,17
DA:32,17
DA:33,17
DA:34,17
DA:35,17
DA:37,0
DA:38,0
DA:41,0
DA:42,0
DA:46,0
DA:52,0
DA:53,0
DA:59,2
LF:24
LH:16
BRDA:8,0,0,5
BRDA:8,0,1,18
BRDA:15,1,0,1
BRDA:15,1,1,17
BRDA:24,2,0,0
BRDA:24,2,1,17
BRDA:37,3,0,0
BRDA:37,3,1,0
BRDA:41,4,0,0
BRDA:41,4,1,0
BRF:10
BRH:5
end_of_record
TN:
SF:middleware\errorHandler.js
FN:1,(anonymous_0)
FNF:1
FNH:0
FNDA:0,(anonymous_0)
DA:1,2
DA:2,0
DA:5,0
DA:6,0
DA:9,0
DA:14,0
DA:15,0
DA:18,0
DA:21,2
LF:9
LH:2
BRDA:2,0,0,0
BRDA:2,0,1,0
BRDA:5,1,0,0
BRDA:5,1,1,0
BRDA:6,2,0,0
BRDA:6,2,1,0
BRDA:14,3,0,0
BRDA:14,3,1,0
BRF:8
BRH:0
end_of_record
TN:
SF:middleware\validation.js
FN:12,(anonymous_0)
FN:24,(anonymous_1)
FN:47,(anonymous_2)
FN:55,(anonymous_3)
FN:77,(anonymous_4)
FN:85,(anonymous_5)
FN:110,(anonymous_6)
FNF:7
FNH:2
FNDA:0,(anonymous_0)
FNDA:0,(anonymous_1)
FNDA:0,(anonymous_2)
FNDA:2,(anonymous_3)
FNDA:0,(anonymous_4)
FNDA:0,(anonymous_5)
FNDA:11,(anonymous_6)
DA:1,2
DA:3,2
DA:13,0
DA:14,0
DA:15,0
DA:17,0
DA:21,2
DA:25,0
DA:26,0
DA:27,0
DA:29,0
DA:33,2
DA:49,0
DA:50,0
DA:51,0
DA:52,0
DA:56,2
DA:57,2
DA:58,0
DA:60,2
DA:64,2
DA:79,0
DA:80,0
DA:81,0
DA:82,0
DA:86,0
DA:87,0
DA:88,0
DA:90,0
DA:94,2
DA:111,11
DA:112,11
DA:113,11
DA:115,0
DA:119,2
LF:35
LH:13
BRDA:14,0,0,0
BRDA:14,0,1,0
BRDA:26,1,0,0
BRDA:26,1,1,0
BRDA:49,2,0,0
BRDA:49,2,1,0
BRDA:49,3,0,0
BRDA:49,3,1,0
BRDA:50,4,0,0
BRDA:50,4,1,0
BRDA:51,5,0,0
BRDA:51,5,1,0
BRDA:57,6,0,0
BRDA:57,6,1,2
BRDA:79,7,0,0
BRDA:79,7,1,0
BRDA:79,8,0,0
BRDA:79,8,1,0
BRDA:80,9,0,0
BRDA:80,9,1,0
BRDA:81,10,0,0
BRDA:81,10,1,0
BRDA:87,11,0,0
BRDA:87,11,1,0
BRDA:112,12,0,11
BRDA:112,12,1,0
BRF:26
BRH:2
end_of_record
TN:
SF:routes\auth.js
FN:9,(anonymous_0)
FN:54,(anonymous_1)
FNF:2
FNH:0
FNDA:0,(anonymous_0)
FNDA:0,(anonymous_1)
DA:1,2
DA:2,2
DA:3,2
DA:4,2
DA:5,2
DA:6,2
DA:9,2
DA:10,0
DA:11,0
DA:14,0
DA:15,0
DA:16,0
DA:22,0
DA:23,0
DA:26,0
DA:34,0
DA:38,0
DA:49,0
DA:54,2
DA:55,0
DA:56,0
DA:59,0
DA:60,0
DA:61,0
DA:67,0
DA:68,0
DA:69,0
DA:75,0
DA:79,0
DA:90,0
DA:94,2
LF:31
LH:9
BRDA:15,0,0,0
BRDA:15,0,1,0
BRDA:60,1,0,0
BRDA:60,1,1,0
BRDA:68,2,0,0
BRDA:68,2,1,0
BRF:6
BRH:0
end_of_record
TN:
SF:routes\export.js
FNF:0
FNH:0
DA:1,2
DA:2,2
DA:3,2
DA:4,2
DA:7,2
DA:10,2
DA:12,2
LF:7
LH:7
BRF:0
BRH:0
end_of_record
TN:
SF:routes\health.js
FN:6,(anonymous_0)
FNF:1
FNH:0
FNDA:0,(anonymous_0)
DA:1,2
DA:2,2
DA:3,2
DA:4,2
DA:6,2
DA:7,0
DA:9,0
DA:10,0
DA:11,0
DA:13,0
DA:17,0
DA:18,0
DA:19,0
DA:20,0
DA:22,0
DA:25,0
DA:28,0
DA:30,0
DA:35,0
DA:43,2
LF:20
LH:6
BRDA:19,0,0,0
BRDA:19,0,1,0
BRDA:28,1,0,0
BRDA:28,1,1,0
BRDA:28,2,0,0
BRDA:28,2,1,0
BRF:6
BRH:0
end_of_record
TN:
SF:routes\projects.js
FNF:0
FNH:0
DA:1,2
DA:2,2
DA:3,2
DA:4,2
DA:11,2
DA:14,2
DA:17,2
DA:20,2
DA:23,2
DA:26,2
DA:29,2
DA:31,2
LF:12
LH:12
BRF:0
BRH:0
end_of_record
TN:
SF:routes\videos.js
FNF:0
FNH:0
DA:1,2
DA:2,2
DA:3,2
DA:4,2
DA:5,2
DA:8,2
DA:11,2
DA:13,2
LF:8
LH:8
BRF:0
BRH:0
end_of_record
TN:
SF:services\aiService.js
FN:17,_makeRequest
FN:22,(anonymous_1)
FN:36,(anonymous_2)
FN:67,detectScenes
FN:77,(anonymous_4)
FN:106,generateSubtitles
FN:116,(anonymous_6)
FN:147,applyColorCorrection
FNF:8
FNH:0
FNDA:0,_makeRequest
FNDA:0,(anonymous_1)
FNDA:0,(anonymous_2)
FNDA:0,detectScenes
FNDA:0,(anonymous_4)
FNDA:0,generateSubtitles
FNDA:0,(anonymous_6)
FNDA:0,applyColorCorrection
DA:10,0
DA:11,0
DA:18,0
DA:20,0
DA:21,0
DA:22,0
DA:24,0
DA:33,0
DA:35,0
DA:36,0
DA:37,0
DA:40,0
DA:42,0
DA:43,0
DA:44,0
DA:48,0
DA:53,0
DA:54,0
DA:58,0
DA:68,0
DA:69,0
DA:70,0
DA:71,0
DA:74,0
DA:76,0
DA:77,0
DA:83,0
DA:84,0
DA:86,0
DA:89,0
DA:93,0
DA:97,0
DA:107,0
DA:108,0
DA:109,0
DA:110,0
DA:113,0
DA:115,0
DA:116,0
DA:123,0
DA:124,0
DA:126,0
DA:129,0
DA:133,0
DA:137,0
DA:148,0
DA:149,0
DA:150,0
DA:151,0
DA:154,0
DA:155,0
DA:156,0
DA:159,0
DA:161,0
DA:162,0
DA:165,0
DA:166,0
DA:168,0
DA:171,0
DA:175,0
DA:179,0
DA:183,0
LF:62
LH:0
BRDA:10,0,0,0
BRDA:10,0,1,0
BRDA:35,1,0,0
BRDA:35,1,1,0
BRDA:37,2,0,0
BRDA:37,2,1,0
BRDA:42,3,0,0
BRDA:42,3,1,0
BRDA:48,4,0,0
BRDA:48,4,1,0
BRDA:49,5,0,0
BRDA:49,5,1,0
BRDA:49,5,2,0
BRDA:69,6,0,0
BRDA:69,6,1,0
BRDA:76,7,0,0
BRDA:76,7,1,0
BRDA:76,8,0,0
BRDA:76,8,1,0
BRDA:89,9,0,0
BRDA:89,9,1,0
BRDA:90,10,0,0
BRDA:90,10,1,0
BRDA:108,11,0,0
BRDA:108,11,1,0
BRDA:115,12,0,0
BRDA:115,12,1,0
BRDA:115,13,0,0
BRDA:115,13,1,0
BRDA:129,14,0,0
BRDA:129,14,1,0
BRDA:130,15,0,0
BRDA:130,15,1,0
BRDA:149,16,0,0
BRDA:149,16,1,0
BRDA:154,17,0,0
BRDA:154,17,1,0
BRDA:161,18,0,0
BRDA:161,18,1,0
BRDA:161,19,0,0
BRDA:161,19,1,0
BRDA:171,20,0,0
BRDA:171,20,1,0
BRDA:172,21,0,0
BRDA:172,21,1,0
BRF:45
BRH:0
end_of_record
TN:
SF:services\tokenService.js
FN:33,getTokenUsageModel
FN:47,getUserDailyTokens
FN:70,calculateTokenCost
FN:99,deductTokens
FN:142,refreshDailyTokens
FN:175,recordTokenUsage
FN:194,getTokenUsageHistory
FNF:7
FNH:7
FNDA:16,getTokenUsageModel
FNDA:7,getUserDailyTokens
FNDA:18,calculateTokenCost
FNDA:12,deductTokens
FNDA:4,refreshDailyTokens
FNDA:10,recordTokenUsage
FNDA:6,getTokenUsageHistory
DA:6,1
DA:7,1
DA:8,1
DA:11,1
DA:24,1
DA:34,16
DA:35,1
DA:36,1
DA:38,16
DA:48,7
DA:50,7
DA:51,1
DA:55,6
DA:56,3
DA:59,3
DA:71,18
DA:74,18
DA:76,3
DA:79,15
DA:81,4
DA:82,4
DA:85,11
DA:86,2
DA:89,9
DA:100,12
DA:101,1
DA:104,11
DA:106,11
DA:107,1
DA:111,10
DA:112,3
DA:119,7
DA:123,7
DA:124,1
DA:127,6
DA:129,6
DA:131,6
DA:143,4
DA:162,4
DA:176,10
DA:178,10
DA:185,10
DA:195,6
DA:197,6
DA:198,6
DA:200,6
DA:210,6
DA:213,1
LF:48
LH:48
BRDA:34,0,0,1
BRDA:34,0,1,15
BRDA:50,1,0,1
BRDA:50,1,1,6
BRDA:55,2,0,3
BRDA:55,2,1,3
BRDA:55,3,0,6
BRDA:55,3,1,4
BRDA:60,4,0,3
BRDA:60,4,1,1
BRDA:60,4,2,0
BRDA:70,5,0,9
BRDA:71,6,0,18
BRDA:71,6,1,1
BRDA:74,7,0,3
BRDA:74,7,1,15
BRDA:74,8,0,18
BRDA:74,8,1,4
BRDA:79,9,0,4
BRDA:79,9,1,11
BRDA:79,10,0,15
BRDA:79,10,1,5
BRDA:82,11,0,4
BRDA:82,11,1,1
BRDA:85,12,0,2
BRDA:85,12,1,9
BRDA:85,13,0,11
BRDA:85,13,1,3
BRDA:100,14,0,1
BRDA:100,14,1,11
BRDA:106,15,0,1
BRDA:106,15,1,10
BRDA:111,16,0,3
BRDA:111,16,1,7
BRDA:111,17,0,10
BRDA:111,17,1,8
BRDA:119,18,0,7
BRDA:119,18,1,1
BRDA:119,18,2,0
BRDA:123,19,0,1
BRDA:123,19,1,6
BRDA:175,20,0,8
BRDA:194,21,0,1
BRF:43
BRH:41
end_of_record
